# JRE version: OpenJDK Runtime Environment (7.0_55-b14) (build 1.7.0_55-b14)
# Java VM: OpenJDK 64-Bit Server VM (24.51-b03 mixed mode linux-amd64 compressed oops)
Heap
 PSYoungGen      total 18944K, used 6244K [0x00000000ec100000, 0x00000000ed780000, 0x0000000100000000)
  eden space 14848K, 40% used [0x00000000ec100000,0x00000000ec6e9230,0x00000000ecf80000)
  from space 4096K, 4% used [0x00000000ed380000,0x00000000ed3b0000,0x00000000ed780000)
  to   space 4096K, 0% used [0x00000000ecf80000,0x00000000ecf80000,0x00000000ed380000)
 ParOldGen       total 138240K, used 107828K [0x00000000c4400000, 0x00000000ccb00000, 0x00000000ec100000)
  object space 138240K, 78% used [0x00000000c4400000,0x00000000cad4d330,0x00000000ccb00000)
 PSPermGen       total 21504K, used 14274K [0x00000000b9e00000, 0x00000000bb300000, 0x00000000c4400000)
  object space 21504K, 66% used [0x00000000b9e00000,0x00000000babf09e8,0x00000000bb300000)
GC Heap History (10 events):
Event: 1633.778 GC heap before
{Heap before GC invocations=22 (full 0):
 PSYoungGen      total 15360K, used 13799K [0x00000000ec100000, 0x00000000ed980000, 0x0000000100000000)
  eden space 14848K, 91% used [0x00000000ec100000,0x00000000ece51c08,0x00000000ecf80000)
  from space 512K, 31% used [0x00000000ecf80000,0x00000000ecfa8000,0x00000000ed000000)
  to   space 5120K, 0% used [0x00000000ed480000,0x00000000ed480000,0x00000000ed980000)
 ParOldGen       total 138240K, used 107756K [0x00000000c4400000, 0x00000000ccb00000, 0x00000000ec100000)
  object space 138240K, 77% used [0x00000000c4400000,0x00000000cad3b330,0x00000000ccb00000)
 PSPermGen       total 21504K, used 14242K [0x00000000b9e00000, 0x00000000bb300000, 0x00000000c4400000)
  object space 21504K, 66% used [0x00000000b9e00000,0x00000000babe8ad0,0x00000000bb300000)
Event: 1634.164 GC heap after
Heap after GC invocations=22 (full 0):
 PSYoungGen      total 19968K, used 224K [0x00000000ec100000, 0x00000000ed980000, 0x0000000100000000)
  eden space 14848K, 0% used [0x00000000ec100000,0x00000000ec100000,0x00000000ecf80000)
  from space 5120K, 4% used [0x00000000ed480000,0x00000000ed4b8000,0x00000000ed980000)
  to   space 5120K, 0% used [0x00000000ecf80000,0x00000000ecf80000,0x00000000ed480000)
 ParOldGen       total 138240K, used 107764K [0x00000000c4400000, 0x00000000ccb00000, 0x00000000ec100000)
  object space 138240K, 77% used [0x00000000c4400000,0x00000000cad3d330,0x00000000ccb00000)
 PSPermGen       total 21504K, used 14242K [0x00000000b9e00000, 0x00000000bb300000, 0x00000000c4400000)
  object space 21504K, 66% used [0x00000000b9e00000,0x00000000babe8ad0,0x00000000bb300000)
}
Event: 1706.308 GC heap before
{Heap before GC invocations=23 (full 0):
 PSYoungGen      total 19968K, used 15072K [0x00000000ec100000, 0x00000000ed980000, 0x0000000100000000)
  eden space 14848K, 100% used [0x00000000ec100000,0x00000000ecf80000,0x00000000ecf80000)
  from space 5120K, 4% used [0x00000000ed480000,0x00000000ed4b8000,0x00000000ed980000)
  to   space 5120K, 0% used [0x00000000ecf80000,0x00000000ecf80000,0x00000000ed480000)
 ParOldGen       total 138240K, used 107764K [0x00000000c4400000, 0x00000000ccb00000, 0x00000000ec100000)
  object space 138240K, 77% used [0x00000000c4400000,0x00000000cad3d330,0x00000000ccb00000)
 PSPermGen       total 21504K, used 14252K [0x00000000b9e00000, 0x00000000bb300000, 0x00000000c4400000)
  object space 21504K, 66% used [0x00000000b9e00000,0x00000000babeb2a8,0x00000000bb300000)
Event: 1706.369 GC heap after
Heap after GC invocations=23 (full 0):
 PSYoungGen      total 15360K, used 128K [0x00000000ec100000, 0x00000000ed880000, 0x0000000100000000)
  eden space 14848K, 0% used [0x00000000ec100000,0x00000000ec100000,0x00000000ecf80000)
  from space 512K, 25% used [0x00000000ecf80000,0x00000000ecfa0000,0x00000000ed000000)
  to   space 4608K, 0% used [0x00000000ed400000,0x00000000ed400000,0x00000000ed880000)
 ParOldGen       total 138240K, used 107772K [0x00000000c4400000, 0x00000000ccb00000, 0x00000000ec100000)
  object space 138240K, 77% used [0x00000000c4400000,0x00000000cad3f330,0x00000000ccb00000)
 PSPermGen       total 21504K, used 14252K [0x00000000b9e00000, 0x00000000bb300000, 0x00000000c4400000)
  object space 21504K, 66% used [0x00000000b9e00000,0x00000000babeb2a8,0x00000000bb300000)
}
Event: 1809.474 GC heap before
{Heap before GC invocations=24 (full 0):
 PSYoungGen      total 15360K, used 14976K [0x00000000ec100000, 0x00000000ed880000, 0x0000000100000000)
  eden space 14848K, 100% used [0x00000000ec100000,0x00000000ecf80000,0x00000000ecf80000)
  from space 512K, 25% used [0x00000000ecf80000,0x00000000ecfa0000,0x00000000ed000000)
  to   space 4608K, 0% used [0x00000000ed400000,0x00000000ed400000,0x00000000ed880000)
 ParOldGen       total 138240K, used 107772K [0x00000000c4400000, 0x00000000ccb00000, 0x00000000ec100000)
  object space 138240K, 77% used [0x00000000c4400000,0x00000000cad3f330,0x00000000ccb00000)
 PSPermGen       total 21504K, used 14256K [0x00000000b9e00000, 0x00000000bb300000, 0x00000000c4400000)
  object space 21504K, 66% used [0x00000000b9e00000,0x00000000babec228,0x00000000bb300000)
Event: 1809.681 GC heap after
Heap after GC invocations=24 (full 0):
 PSYoungGen      total 19456K, used 160K [0x00000000ec100000, 0x00000000ed880000, 0x0000000100000000)
  eden space 14848K, 0% used [0x00000000ec100000,0x00000000ec100000,0x00000000ecf80000)
  from space 4608K, 3% used [0x00000000ed400000,0x00000000ed428000,0x00000000ed880000)
  to   space 4608K, 0% used [0x00000000ecf80000,0x00000000ecf80000,0x00000000ed400000)
 ParOldGen       total 138240K, used 107788K [0x00000000c4400000, 0x00000000ccb00000, 0x00000000ec100000)
  object space 138240K, 77% used [0x00000000c4400000,0x00000000cad43330,0x00000000ccb00000)
 PSPermGen       total 21504K, used 14256K [0x00000000b9e00000, 0x00000000bb300000, 0x00000000c4400000)
  object space 21504K, 66% used [0x00000000b9e00000,0x00000000babec228,0x00000000bb300000)
}
Event: 1888.759 GC heap before
{Heap before GC invocations=25 (full 0):
 PSYoungGen      total 19456K, used 13078K [0x00000000ec100000, 0x00000000ed880000, 0x0000000100000000)
  eden space 14848K, 87% used [0x00000000ec100000,0x00000000ecd9d9e8,0x00000000ecf80000)
  from space 4608K, 3% used [0x00000000ed400000,0x00000000ed428000,0x00000000ed880000)
  to   space 4608K, 0% used [0x00000000ecf80000,0x00000000ecf80000,0x00000000ed400000)
 ParOldGen       total 138240K, used 107788K [0x00000000c4400000, 0x00000000ccb00000, 0x00000000ec100000)
  object space 138240K, 77% used [0x00000000c4400000,0x00000000cad43330,0x00000000ccb00000)
 PSPermGen       total 21504K, used 14266K [0x00000000b9e00000, 0x00000000bb300000, 0x00000000c4400000)
  object space 21504K, 66% used [0x00000000b9e00000,0x00000000babee960,0x00000000bb300000)
Event: 1889.443 GC heap after
Heap after GC invocations=25 (full 0):
 PSYoungGen      total 15360K, used 160K [0x00000000ec100000, 0x00000000ed780000, 0x0000000100000000)
  eden space 14848K, 0% used [0x00000000ec100000,0x00000000ec100000,0x00000000ecf80000)
  from space 512K, 31% used [0x00000000ecf80000,0x00000000ecfa8000,0x00000000ed000000)
  to   space 4096K, 0% used [0x00000000ed380000,0x00000000ed380000,0x00000000ed780000)
 ParOldGen       total 138240K, used 107796K [0x00000000c4400000, 0x00000000ccb00000, 0x00000000ec100000)
  object space 138240K, 77% used [0x00000000c4400000,0x00000000cad45330,0x00000000ccb00000)
 PSPermGen       total 21504K, used 14266K [0x00000000b9e00000, 0x00000000bb300000, 0x00000000c4400000)
  object space 21504K, 66% used [0x00000000b9e00000,0x00000000babee960,0x00000000bb300000)
}
Event: 1981.653 GC heap before
{Heap before GC invocations=26 (full 0):
 PSYoungGen      total 15360K, used 15008K [0x00000000ec100000, 0x00000000ed780000, 0x0000000100000000)
  eden space 14848K, 100% used [0x00000000ec100000,0x00000000ecf80000,0x00000000ecf80000)
  from space 512K, 31% used [0x00000000ecf80000,0x00000000ecfa8000,0x00000000ed000000)
  to   space 4096K, 0% used [0x00000000ed380000,0x00000000ed380000,0x00000000ed780000)
 ParOldGen       total 138240K, used 107796K [0x00000000c4400000, 0x00000000ccb00000, 0x00000000ec100000)
  object space 138240K, 77% used [0x00000000c4400000,0x00000000cad45330,0x00000000ccb00000)
 PSPermGen       total 21504K, used 14274K [0x00000000b9e00000, 0x00000000bb300000, 0x00000000c4400000)
  object space 21504K, 66% used [0x00000000b9e00000,0x00000000babf09e8,0x00000000bb300000)
Event: 1981.661 GC heap after
Heap after GC invocations=26 (full 0):
 PSYoungGen      total 18944K, used 192K [0x00000000ec100000, 0x00000000ed780000, 0x0000000100000000)
  eden space 14848K, 0% used [0x00000000ec100000,0x00000000ec100000,0x00000000ecf80000)
  from space 4096K, 4% used [0x00000000ed380000,0x00000000ed3b0000,0x00000000ed780000)
  to   space 4096K, 0% used [0x00000000ecf80000,0x00000000ecf80000,0x00000000ed380000)
 ParOldGen       total 138240K, used 107828K [0x00000000c4400000, 0x00000000ccb00000, 0x00000000ec100000)
  object space 138240K, 78% used [0x00000000c4400000,0x00000000cad4d330,0x00000000ccb00000)
 PSPermGen       total 21504K, used 14274K [0x00000000b9e00000, 0x00000000bb300000, 0x00000000c4400000)
  object space 21504K, 66% used [0x00000000b9e00000,0x00000000babf09e8,0x00000000bb300000)
}

